[    0.000000] Linux version 4.15.0-106-generic (buildd@lcy01-amd64-016) (gcc version 7.5.0 (Ubuntu 7.5.0-3ubuntu1~18.04)) #107-Ubuntu SMP Thu Jun 4 11:27:52 UTC 2020 (Ubuntu 4.15.0-106.107-generic 4.15.18)
[    0.000000] Command line: BOOT_IMAGE=/boot/vmlinuz-4.15.0-106-generic root=LABEL=cloudimg-rootfs ro console=tty1 console=ttyS0
[    0.000000] KERNEL supported cpus:
[    0.000000]   Intel GenuineIntel
[    0.000000]   AMD AuthenticAMD
[    0.000000]   Centaur CentaurHauls
[    0.000000] x86/fpu: Supporting XSAVE feature 0x001: 'x87 floating point registers'
[    0.000000] x86/fpu: Supporting XSAVE feature 0x002: 'SSE registers'
[    0.000000] x86/fpu: Supporting XSAVE feature 0x004: 'AVX registers'
[    0.000000] x86/fpu: xstate_offset[2]:  576, xstate_sizes[2]:  256
[    0.000000] x86/fpu: Enabled xstate features 0x7, context size is 832 bytes, using 'standard' format.
[    0.000000] e820: BIOS-provided physical RAM map:
[    0.000000] BIOS-e820: [mem 0x0000000000000000-0x000000000009fbff] usable
[    0.000000] BIOS-e820: [mem 0x000000000009fc00-0x000000000009ffff] reserved
[    0.000000] BIOS-e820: [mem 0x00000000000f0000-0x00000000000fffff] reserved
[    0.000000] BIOS-e820: [mem 0x0000000000100000-0x000000003ffeffff] usable
[    0.000000] BIOS-e820: [mem 0x000000003fff0000-0x000000003fffffff] ACPI data
[    0.000000] BIOS-e820: [mem 0x00000000fec00000-0x00000000fec00fff] reserved
[    0.000000] BIOS-e820: [mem 0x00000000fee00000-0x00000000fee00fff] reserved
[    0.000000] BIOS-e820: [mem 0x00000000fffc0000-0x00000000ffffffff] reserved
[    0.000000] NX (Execute Disable) protection: active
[    0.000000] SMBIOS 2.5 present.
[    0.000000] DMI: innotek GmbH VirtualBox/VirtualBox, BIOS VirtualBox 12/01/2006
[    0.000000] Hypervisor detected: KVM
[    0.000000] e820: last_pfn = 0x3fff0 max_arch_pfn = 0x400000000
[    0.000000] MTRR: Disabled
[    0.000000] x86/PAT: MTRRs disabled, skipping PAT initialization too.
[    0.000000] CPU MTRRs all blank - virtualized system.
[    0.000000] x86/PAT: Configuration [0-7]: WB  WT  UC- UC  WB  WT  UC- UC  
[    0.000000] found SMP MP-table at [mem 0x0009fff0-0x0009ffff]
[    0.000000] Scanning 1 areas for low memory corruption
[    0.000000] RAMDISK: [mem 0x35a6b000-0x36d2cfff]
[    0.000000] ACPI: Early table checksum verification disabled
[    0.000000] ACPI: RSDP 0x00000000000E0000 000024 (v02 VBOX  )
[    0.000000] ACPI: XSDT 0x000000003FFF0030 00003C (v01 VBOX   VBOXXSDT 00000001 ASL  00000061)
[    0.000000] ACPI: FACP 0x000000003FFF00F0 0000F4 (v04 VBOX   VBOXFACP 00000001 ASL  00000061)
[    0.000000] ACPI: DSDT 0x000000003FFF0470 002325 (v02 VBOX   VBOXBIOS 00000002 INTL 20100528)
[    0.000000] ACPI: FACS 0x000000003FFF0200 000040
[    0.000000] ACPI: FACS 0x000000003FFF0200 000040
[    0.000000] ACPI: APIC 0x000000003FFF0240 00005C (v02 VBOX   VBOXAPIC 00000001 ASL  00000061)
[    0.000000] ACPI: SSDT 0x000000003FFF02A0 0001CC (v01 VBOX   VBOXCPUT 00000002 INTL 20100528)
[    0.000000] No NUMA configuration found
[    0.000000] Faking a node at [mem 0x0000000000000000-0x000000003ffeffff]
[    0.000000] NODE_DATA(0) allocated [mem 0x3ffc5000-0x3ffeffff]
[    0.000000] kvm-clock: cpu 0, msr 0:3ff44001, primary cpu clock
[    0.000000] kvm-clock: Using msrs 4b564d01 and 4b564d00
[    0.000000] kvm-clock: using sched offset of 3965397967 cycles
[    0.000000] clocksource: kvm-clock: mask: 0xffffffffffffffff max_cycles: 0x1cd42e4dffb, max_idle_ns: 881590591483 ns
[    0.000000] Zone ranges:
[    0.000000]   DMA      [mem 0x0000000000001000-0x0000000000ffffff]
[    0.000000]   DMA32    [mem 0x0000000001000000-0x000000003ffeffff]
[    0.000000]   Normal   empty
[    0.000000]   Device   empty
[    0.000000] Movable zone start for each node
[    0.000000] Early memory node ranges
[    0.000000]   node   0: [mem 0x0000000000001000-0x000000000009efff]
[    0.000000]   node   0: [mem 0x0000000000100000-0x000000003ffeffff]
[    0.000000] Reserved but unavailable: 98 pages
[    0.000000] Initmem setup node 0 [mem 0x0000000000001000-0x000000003ffeffff]
[    0.000000] ACPI: PM-Timer IO Port: 0x4008
[    0.000000] IOAPIC[0]: apic_id 2, version 32, address 0xfec00000, GSI 0-23
[    0.000000] ACPI: INT_SRC_OVR (bus 0 bus_irq 0 global_irq 2 dfl dfl)
[    0.000000] ACPI: INT_SRC_OVR (bus 0 bus_irq 9 global_irq 9 low level)
[    0.000000] Using ACPI (MADT) for SMP configuration information
[    0.000000] smpboot: Allowing 2 CPUs, 0 hotplug CPUs
[    0.000000] PM: Registered nosave memory: [mem 0x00000000-0x00000fff]
[    0.000000] PM: Registered nosave memory: [mem 0x0009f000-0x0009ffff]
[    0.000000] PM: Registered nosave memory: [mem 0x000a0000-0x000effff]
[    0.000000] PM: Registered nosave memory: [mem 0x000f0000-0x000fffff]
[    0.000000] e820: [mem 0x40000000-0xfebfffff] available for PCI devices
[    0.000000] Booting paravirtualized kernel on KVM
[    0.000000] clocksource: refined-jiffies: mask: 0xffffffff max_cycles: 0xffffffff, max_idle_ns: 7645519600211568 ns
[    0.000000] random: get_random_bytes called from start_kernel+0x99/0x4fd with crng_init=0
[    0.000000] setup_percpu: NR_CPUS:8192 nr_cpumask_bits:2 nr_cpu_ids:2 nr_node_ids:1
[    0.000000] percpu: Embedded 45 pages/cpu s147456 r8192 d28672 u1048576
[    0.000000] PV qspinlock hash table entries: 256 (order: 0, 4096 bytes)
[    0.000000] Built 1 zonelists, mobility grouping on.  Total pages: 257913
[    0.000000] Policy zone: DMA32
[    0.000000] Kernel command line: BOOT_IMAGE=/boot/vmlinuz-4.15.0-106-generic root=LABEL=cloudimg-rootfs ro console=tty1 console=ttyS0
[    0.000000] Memory: 983044K/1048120K available (12300K kernel code, 2481K rwdata, 4272K rodata, 2436K init, 2720K bss, 65076K reserved, 0K cma-reserved)
[    0.000000] SLUB: HWalign=64, Order=0-3, MinObjects=0, CPUs=2, Nodes=1
[    0.000000] Kernel/User page tables isolation: enabled
[    0.000000] ftrace: allocating 39378 entries in 154 pages
[    0.004000] Hierarchical RCU implementation.
[    0.004000] 	RCU restricting CPUs from NR_CPUS=8192 to nr_cpu_ids=2.
[    0.004000] 	Tasks RCU enabled.
[    0.004000] RCU: Adjusting geometry for rcu_fanout_leaf=16, nr_cpu_ids=2
[    0.004000] NR_IRQS: 524544, nr_irqs: 440, preallocated irqs: 16
[    0.004000] Console: colour VGA+ 80x25
[    0.004000] console [tty1] enabled
[    0.004000] console [ttyS0] enabled
[    0.004000] ACPI: Core revision 20170831
[    0.004000] ACPI: 2 ACPI AML tables successfully acquired and loaded
[    0.004000] APIC: Switch to symmetric I/O mode setup
[    0.004000] x2apic enabled
[    0.004000] Switched APIC routing to physical x2apic.
[    0.004000] ..TIMER: vector=0x30 apic1=0 pin1=2 apic2=-1 pin2=-1
[    0.004004] tsc: Detected 2903.998 MHz processor
[    0.004902] Calibrating delay loop (skipped) preset value.. 5807.99 BogoMIPS (lpj=11615992)
[    0.008003] pid_max: default: 32768 minimum: 301
[    0.009033] Security Framework initialized
[    0.009837] Yama: becoming mindful.
[    0.010552] AppArmor: AppArmor initialized
[    0.013256] Dentry cache hash table entries: 131072 (order: 8, 1048576 bytes)
[    0.014973] Inode-cache hash table entries: 65536 (order: 7, 524288 bytes)
[    0.016014] Mount-cache hash table entries: 2048 (order: 2, 16384 bytes)
[    0.017278] Mountpoint-cache hash table entries: 2048 (order: 2, 16384 bytes)
[    0.018861] Last level iTLB entries: 4KB 64, 2MB 8, 4MB 8
[    0.020002] Last level dTLB entries: 4KB 64, 2MB 0, 4MB 0, 1GB 4
[    0.021486] Spectre V1 : Mitigation: usercopy/swapgs barriers and __user pointer sanitization
[    0.023376] Spectre V2 : Mitigation: Full generic retpoline
[    0.024002] Spectre V2 : Spectre v2 / SpectreRSB mitigation: Filling RSB on context switch
[    0.025661] Speculative Store Bypass: Vulnerable
[    0.026587] SRBDS: Unknown: Dependent on hypervisor status
[    0.028002] MDS: Mitigation: Clear CPU buffers
[    0.029016] Freeing SMP alternatives memory: 36K
[    0.140100] smpboot: CPU0: Intel(R) Core(TM) i7-6920HQ CPU @ 2.90GHz (family: 0x6, model: 0x5e, stepping: 0x3)
[    0.142766] Performance Events: unsupported p6 CPU model 94 no PMU driver, software events only.
[    0.144038] Hierarchical SRCU implementation.
[    0.145444] NMI watchdog: Perf event create on CPU 0 failed with -2
[    0.146632] NMI watchdog: Perf NMI watchdog permanently disabled
[    0.148039] smp: Bringing up secondary CPUs ...
[    0.148992] x86: Booting SMP configuration:
[    0.149845] .... node  #0, CPUs:      #1
[    0.004000] kvm-clock: cpu 1, msr 0:3ff44041, secondary cpu clock
[    0.154580] smp: Brought up 1 node, 2 CPUs
[    0.154580] smpboot: Max logical packages: 1
[    0.156005] smpboot: Total of 2 processors activated (11615.99 BogoMIPS)
[    0.157737] devtmpfs: initialized
[    0.157737] x86/mm: Memory block size: 128MB
[    0.160130] evm: security.selinux
[    0.160973] evm: security.SMACK64
[    0.161861] evm: security.SMACK64EXEC
[    0.164004] evm: security.SMACK64TRANSMUTE
[    0.165217] evm: security.SMACK64MMAP
[    0.166918] evm: security.apparmor
[    0.168004] evm: security.ima
[    0.168639] evm: security.capability
[    0.169507] clocksource: jiffies: mask: 0xffffffff max_cycles: 0xffffffff, max_idle_ns: 7645041785100000 ns
[    0.172016] futex hash table entries: 512 (order: 3, 32768 bytes)
[    0.175270] pinctrl core: initialized pinctrl subsystem
[    0.176109] RTC time: 14:44:15, date: 06/14/20
[    0.178496] NET: Registered protocol family 16
[    0.180118] audit: initializing netlink subsys (disabled)
[    0.181296] audit: type=2000 audit(1592145860.752:1): state=initialized audit_enabled=0 res=1
[    0.184061] cpuidle: using governor ladder
[    0.185170] cpuidle: using governor menu
[    0.186349] ACPI: bus type PCI registered
[    0.188006] acpiphp: ACPI Hot Plug PCI Controller Driver version: 0.5
[    0.189798] PCI: Using configuration type 1 for base access
[    0.192458] HugeTLB registered 2.00 MiB page size, pre-allocated 0 pages
[    0.193772] ACPI: Added _OSI(Module Device)
[    0.193772] ACPI: Added _OSI(Processor Device)
[    0.196005] ACPI: Added _OSI(3.0 _SCP Extensions)
[    0.197978] ACPI: Added _OSI(Processor Aggregator Device)
[    0.200033] ACPI: Added _OSI(Linux-Dell-Video)
[    0.201378] ACPI: Added _OSI(Linux-Lenovo-NV-HDMI-Audio)
[    0.204005] ACPI: Added _OSI(Linux-HPI-Hybrid-Graphics)
[    0.206408] ACPI: Executed 1 blocks of module-level executable AML code
[    0.212852] ACPI: Interpreter enabled
[    0.213618] ACPI: (supports S0 S5)
[    0.214359] ACPI: Using IOAPIC for interrupt routing
[    0.215561] PCI: Using host bridge windows from ACPI; if necessary, use "pci=nocrs" and report a bug
[    0.216250] ACPI: Enabled 2 GPEs in block 00 to 07
[    0.228072] ACPI: PCI Root Bridge [PCI0] (domain 0000 [bus 00-ff])
[    0.230664] acpi PNP0A03:00: _OSC: OS supports [ASPM ClockPM Segments MSI]
[    0.232772] acpi PNP0A03:00: _OSC: not requesting OS control; OS requires [ExtendedConfig ASPM ClockPM MSI]
[    0.236020] acpi PNP0A03:00: fail to add MMCONFIG information, can't access extended PCI configuration space under this bridge.
[    0.240920] PCI host bridge to bus 0000:00
[    0.242119] pci_bus 0000:00: root bus resource [io  0x0000-0x0cf7 window]
[    0.243611] pci_bus 0000:00: root bus resource [io  0x0d00-0xffff window]
[    0.244005] pci_bus 0000:00: root bus resource [mem 0x000a0000-0x000bffff window]
[    0.245796] pci_bus 0000:00: root bus resource [mem 0x40000000-0xfdffffff window]
[    0.248006] pci_bus 0000:00: root bus resource [bus 00-ff]
[    0.253229] pci 0000:00:01.1: legacy IDE quirk: reg 0x10: [io  0x01f0-0x01f7]
[    0.254903] pci 0000:00:01.1: legacy IDE quirk: reg 0x14: [io  0x03f6]
[    0.256004] pci 0000:00:01.1: legacy IDE quirk: reg 0x18: [io  0x0170-0x0177]
[    0.258957] pci 0000:00:01.1: legacy IDE quirk: reg 0x1c: [io  0x0376]
[    0.280366] pci 0000:00:07.0: quirk: [io  0x4000-0x403f] claimed by PIIX4 ACPI
[    0.283509] pci 0000:00:07.0: quirk: [io  0x4100-0x410f] claimed by PIIX4 SMB
[    0.298380] ACPI: PCI Interrupt Link [LNKA] (IRQs 5 9 10 *11)
[    0.300344] ACPI: PCI Interrupt Link [LNKB] (IRQs 5 9 *10 11)
[    0.304021] ACPI: PCI Interrupt Link [LNKC] (IRQs 5 *9 10 11)
[    0.306482] ACPI: PCI Interrupt Link [LNKD] (IRQs 5 9 10 *11)
[    0.308323] SCSI subsystem initialized
[    0.309124] pci 0000:00:02.0: vgaarb: setting as boot VGA device
[    0.309183] pci 0000:00:02.0: vgaarb: VGA device added: decodes=io+mem,owns=io+mem,locks=none
[    0.312008] pci 0000:00:02.0: vgaarb: bridge control possible
[    0.313121] vgaarb: loaded
[    0.313707] ACPI: bus type USB registered
[    0.314534] usbcore: registered new interface driver usbfs
[    0.316034] usbcore: registered new interface driver hub
[    0.317243] usbcore: registered new device driver usb
[    0.318609] EDAC MC: Ver: 3.0.0
[    0.320277] PCI: Using ACPI for IRQ routing
[    0.321793] NetLabel: Initializing
[    0.322509] NetLabel:  domain hash size = 128
[    0.324003] NetLabel:  protocols = UNLABELED CIPSOv4 CALIPSO
[    0.325215] NetLabel:  unlabeled traffic allowed by default
[    0.326655] clocksource: Switched to clocksource kvm-clock
[    0.338555] VFS: Disk quotas dquot_6.6.0
[    0.339903] VFS: Dquot-cache hash table entries: 512 (order 0, 4096 bytes)
[    0.341614] AppArmor: AppArmor Filesystem Enabled
[    0.343071] pnp: PnP ACPI init
[    0.344967] pnp: PnP ACPI: found 3 devices
[    0.356194] clocksource: acpi_pm: mask: 0xffffff max_cycles: 0xffffff, max_idle_ns: 2085701024 ns
[    0.358387] NET: Registered protocol family 2
[    0.360526] TCP established hash table entries: 8192 (order: 4, 65536 bytes)
[    0.362695] TCP bind hash table entries: 8192 (order: 5, 131072 bytes)
[    0.366057] TCP: Hash tables configured (established 8192 bind 8192)
[    0.368017] UDP hash table entries: 512 (order: 2, 16384 bytes)
[    0.370099] UDP-Lite hash table entries: 512 (order: 2, 16384 bytes)
[    0.372216] NET: Registered protocol family 1
[    0.373111] pci 0000:00:00.0: Limiting direct PCI/PCI transfers
[    0.374322] pci 0000:00:01.0: Activating ISA DMA hang workarounds
[    0.376195] pci 0000:00:02.0: Video device with shadowed ROM at [mem 0x000c0000-0x000dffff]
[    0.378448] Unpacking initramfs...
[    0.688891] Freeing initrd memory: 19208K
[    0.690376] clocksource: tsc: mask: 0xffffffffffffffff max_cycles: 0x29dc03c1beb, max_idle_ns: 440795205215 ns
[    0.693117] platform rtc_cmos: registered platform RTC device (no PNP device found)
[    0.695394] Scanning for low memory corruption every 60 seconds
[    0.698363] Initialise system trusted keyrings
[    0.700097] Key type blacklist registered
[    0.701624] workingset: timestamp_bits=36 max_order=18 bucket_order=0
[    0.705118] zbud: loaded
[    0.706710] squashfs: version 4.0 (2009/01/31) Phillip Lougher
[    0.709134] fuse init (API version 7.26)
[    0.712874] Key type asymmetric registered
[    0.713835] Asymmetric key parser 'x509' registered
[    0.715770] Block layer SCSI generic (bsg) driver version 0.4 loaded (major 246)
[    0.719977] io scheduler noop registered
[    0.721169] io scheduler deadline registered
[    0.722211] io scheduler cfq registered (default)
[    0.724233] ACPI: AC Adapter [AC] (off-line)
[    0.725251] input: Power Button as /devices/LNXSYSTM:00/LNXPWRBN:00/input/input0
[    0.726843] ACPI: Power Button [PWRF]
[    0.727818] input: Sleep Button as /devices/LNXSYSTM:00/LNXSLPBN:00/input/input1
[    0.729989] ACPI: Sleep Button [SLPF]
[    0.732285] Serial: 8250/16550 driver, 32 ports, IRQ sharing enabled
[    0.732320] ACPI: Battery Slot [BAT0] (battery present)
[    0.756189] 00:02: ttyS0 at I/O 0x3f8 (irq = 4, base_baud = 115200) is a 16550A
[    0.760103] Linux agpgart interface v0.103
[    0.762653] loop: module loaded
[    0.765239] scsi host0: ata_piix
[    0.766413] scsi host1: ata_piix
[    0.767664] ata1: PATA max UDMA/33 cmd 0x1f0 ctl 0x3f6 bmdma 0xd000 irq 14
[    0.770511] ata2: PATA max UDMA/33 cmd 0x170 ctl 0x376 bmdma 0xd008 irq 15
[    0.772251] libphy: Fixed MDIO Bus: probed
[    0.773289] tun: Universal TUN/TAP device driver, 1.6
[    0.774417] PPP generic driver version 2.4.2
[    0.775534] ehci_hcd: USB 2.0 'Enhanced' Host Controller (EHCI) Driver
[    0.776815] ehci-pci: EHCI PCI platform driver
[    0.777707] ehci-platform: EHCI generic platform driver
[    0.778798] ohci_hcd: USB 1.1 'Open' Host Controller (OHCI) Driver
[    0.780188] ohci-pci: OHCI PCI platform driver
[    0.781476] ohci-platform: OHCI generic platform driver
[    0.783005] uhci_hcd: USB Universal Host Controller Interface driver
[    0.784776] i8042: PNP: PS/2 Controller [PNP0303:PS2K,PNP0f03:PS2M] at 0x60,0x64 irq 1,12
[    0.789984] serio: i8042 KBD port at 0x60,0x64 irq 1
[    0.792591] serio: i8042 AUX port at 0x60,0x64 irq 12
[    0.794570] mousedev: PS/2 mouse device common for all mice
[    0.797516] input: AT Translated Set 2 keyboard as /devices/platform/i8042/serio0/input/input2
[    0.801398] rtc_cmos rtc_cmos: rtc core: registered rtc_cmos as rtc0
[    0.804448] rtc_cmos rtc_cmos: alarms up to one day, 114 bytes nvram
[    0.806313] i2c /dev entries driver
[    0.807353] device-mapper: uevent: version 1.0.3
[    0.808695] device-mapper: ioctl: 4.37.0-ioctl (2017-09-20) initialised: dm-devel@redhat.com
[    0.810770] ledtrig-cpu: registered to indicate activity on CPUs
[    0.813315] NET: Registered protocol family 10
[    0.819542] Segment Routing with IPv6
[    0.821133] NET: Registered protocol family 17
[    0.822207] Key type dns_resolver registered
[    0.823314] mce: Using 0 MCE banks
[    0.824031] RAS: Correctable Errors collector initialized.
[    0.825491] sched_clock: Marking stable (825467004, 0)->(995118591, -169651587)
[    0.827418] registered taskstats version 1
[    0.828973] Loading compiled-in X.509 certificates
[    0.832174] Loaded X.509 cert 'Build time autogenerated kernel key: b1772ce3e036cbf6bf2b7e9ed9be0f8806d61091'
[    0.835699] zswap: loaded using pool lzo/zbud
[    0.840864] Key type big_key registered
[    0.842409] Key type trusted registered
[    0.845251] Key type encrypted registered
[    0.846230] AppArmor: AppArmor sha1 policy hashing enabled
[    0.847404] ima: No TPM chip found, activating TPM-bypass! (rc=-19)
[    0.849472] ima: Allocated hash algorithm: sha1
[    0.850848] evm: HMAC attrs: 0x1
[    0.853211]   Magic number: 8:221:738
[    0.854424] rtc_cmos rtc_cmos: setting system clock to 2020-06-14 14:44:15 UTC (1592145855)
[    0.856814] BIOS EDD facility v0.16 2004-Jun-25, 0 devices found
[    0.859096] EDD information not available.
[    1.167299] Freeing unused kernel image memory: 2436K
[    1.180099] Write protecting the kernel read-only data: 20480k
[    1.182357] Freeing unused kernel image memory: 2008K
[    1.184283] Freeing unused kernel image memory: 1872K
[    1.191882] x86/mm: Checked W+X mappings: passed, no W+X pages found.
[    1.194063] x86/mm: Checking user space page tables
[    1.202769] x86/mm: Checked W+X mappings: passed, no W+X pages found.
Loading, please wait...
starting version 237
[    1.279439] Fusion MPT base driver 3.04.20
[    1.280741] Copyright (c) 1999-2008 LSI Corporation
[    1.280832] e1000: Intel(R) PRO/1000 Network Driver - version 7.3.21-k8-NAPI
[    1.284153] e1000: Copyright (c) 1999-2006 Intel Corporation.
[    1.305075] AVX2 version of gcm_enc/dec engaged.
[    1.306591] AES CTR mode by8 optimization enabled
[    1.321874] Fusion MPT SPI Host driver 3.04.20
[    1.490416] input: ImExPS/2 Generic Explorer Mouse as /devices/platform/i8042/serio1/input/input4
[    1.714787] e1000 0000:00:03.0 eth0: (PCI:33MHz:32-bit) 02:08:97:ad:f6:aa
[    1.716486] e1000 0000:00:03.0 eth0: Intel(R) PRO/1000 Network Connection
[    1.719925] mptbase: ioc0: Initiating bringup
[    1.821454] ioc0: LSI53C1030 A0: Capabilities={Initiator}
[    2.063373] scsi host2: ioc0: LSI53C1030 A0, FwRev=00000000h, Ports=1, MaxQ=256, IRQ=20
[    2.233086] scsi 2:0:0:0: Direct-Access     VBOX     HARDDISK         1.0  PQ: 0 ANSI: 5
[    2.268172] scsi target2:0:0: Beginning Domain Validation
[    2.271679] scsi target2:0:0: Domain Validation skipping write tests
[    2.273473] scsi target2:0:0: Ending Domain Validation
[    2.284792] scsi target2:0:0: asynchronous
[    2.302221] scsi 2:0:1:0: Direct-Access     VBOX     HARDDISK         1.0  PQ: 0 ANSI: 5
[    2.449813] scsi target2:0:1: Beginning Domain Validation
[    2.453508] random: fast init done
[    2.454950] scsi target2:0:1: Domain Validation skipping write tests
[    2.456351] scsi target2:0:1: Ending Domain Validation
[    2.457918] scsi target2:0:1: asynchronous
[    2.462919] random: systemd-udevd: uninitialized urandom read (16 bytes read)
[    2.464376] random: systemd-udevd: uninitialized urandom read (16 bytes read)
[    2.465803] random: systemd-udevd: uninitialized urandom read (16 bytes read)
[    2.468206] sd 2:0:0:0: Attached scsi generic sg0 type 0
[    2.470267] sd 2:0:0:0: [sda] 20971520 512-byte logical blocks: (10.7 GB/10.0 GiB)
[    2.472998] sd 2:0:0:0: [sda] Write Protect is off
[    2.474144] sd 2:0:0:0: [sda] Incomplete mode parameter data
[    2.475809] sd 2:0:0:0: [sda] Assuming drive cache: write through
[    2.477513] sd 2:0:1:0: Attached scsi generic sg1 type 0
[    2.479078] sd 2:0:1:0: [sdb] 20480 512-byte logical blocks: (10.5 MB/10.0 MiB)
[    2.480744] sd 2:0:1:0: [sdb] Write Protect is off
[    2.481886] sd 2:0:1:0: [sdb] Incomplete mode parameter data
[    2.483949] sd 2:0:1:0: [sdb] Assuming drive cache: write through
[    2.487133]  sda: sda1
[    2.489539] sd 2:0:0:0: [sda] Attached SCSI disk
[    2.492267] sd 2:0:1:0: [sdb] Attached SCSI disk
[    2.669678] e1000 0000:00:08.0 eth1: (PCI:33MHz:32-bit) 08:00:27:37:79:87
[    2.671827] e1000 0000:00:08.0 eth1: Intel(R) PRO/1000 Network Connection
[    2.674351] e1000 0000:00:08.0 enp0s8: renamed from eth1
[    2.685194] e1000 0000:00:03.0 enp0s3: renamed from eth0
Begin: Loading essential drivers ... [    4.080332] raid6: sse2x1   gen() 11138 MB/s
[    4.128132] raid6: sse2x1   xor()  8361 MB/s
[    4.176231] raid6: sse2x2   gen() 14434 MB/s
[    4.224111] raid6: sse2x2   xor()  9204 MB/s
[    4.272221] raid6: sse2x4   gen() 16025 MB/s
[    4.320172] raid6: sse2x4   xor()  9402 MB/s
[    4.368574] raid6: avx2x1   gen() 22295 MB/s
[    4.416151] raid6: avx2x1   xor() 16200 MB/s
[    4.464597] raid6: avx2x2   gen() 27470 MB/s
[    4.512238] raid6: avx2x2   xor() 17210 MB/s
[    4.560262] raid6: avx2x4   gen() 30905 MB/s
[    4.608170] raid6: avx2x4   xor() 19002 MB/s
[    4.609335] raid6: using algorithm avx2x4 gen() 30905 MB/s
[    4.610622] raid6: .... xor() 19002 MB/s, rmw enabled
[    4.611793] raid6: using avx2x2 recovery algorithm
[    4.614084] xor: automatically using best checksumming function   avx       
[    4.617072] async_tx: api initialized (async)
done.
Begin: Running /scripts/init-premount ... done.
Begin: Mounting root file system ... Begin: Running /scripts/local-top ... done.
Begin: Running /scripts/local-premount ... [    4.659505] Btrfs loaded, crc32c=crc32c-intel
Scanning for Btrfs filesystems
done.
Warning: fsck not present, so skipping root file system
[    4.680386] EXT4-fs (sda1): mounted filesystem with ordered data mode. Opts: (null)
done.
Begin: Running /scripts/local-bottom ... done.
Begin: Running /scripts/init-bottom ... done.
[    4.803769] ip_tables: (C) 2000-2006 Netfilter Core Team
[    4.811046] systemd[1]: systemd 237 running in system mode. (+PAM +AUDIT +SELINUX +IMA +APPARMOR +SMACK +SYSVINIT +UTMP +LIBCRYPTSETUP +GCRYPT +GNUTLS +ACL +XZ +LZ4 +SECCOMP +BLKID +ELFUTILS +KMOD -IDN2 +IDN -PCRE2 default-hierarchy=hybrid)
[    4.815766] systemd[1]: Detected virtualization oracle.
[    4.817121] systemd[1]: Detected architecture x86-64.

Welcome to [1mUbuntu 18.04.4 LTS[0m!

[    4.821787] systemd[1]: Set hostname to <ubuntu>.
[    4.824280] systemd[1]: Initializing machine ID from random generator.
[    4.825564] systemd[1]: Installed transient /etc/machine-id file.
[    4.990935] systemd[1]: Created slice User and Session Slice.
[[0;32m  OK  [0m] Created slice User and Session Slice.
[    4.993593] systemd[1]: Reached target Swap.
[[0;32m  OK  [0m] Reached target Swap.
[    4.995073] systemd[1]: Reached target System Time Synchronized.
[[0;32m  OK  [0m] Reached target System Time Synchronized.
[    4.997312] systemd[1]: Set up automount Arbitrary Executable File Formats File System Automount Point.
[[0;32m  OK  [0m] Set up automount Arbitrary Executab…rmats File System Automount Point.
[[0;32m  OK  [0m] Created slice System Slice.
[[0;32m  OK  [0m] Listening on udev Control Socket.
[[0;32m  OK  [0m] Listening on Journal Socket.
         Starting Remount Root and Kernel File Systems...
[[0;32m  OK  [0m] Listening on LVM2 poll daemon socket.
         Starting Load Kernel Modules...
         Mounting Huge Pages File System...
         Starting Create list of required st…ce nodes for the current kernel...
[[0;32m  OK  [0m] Listening on Journal Socket (/dev/log).
[[0;32m  OK  [0m] Reached target Slices.
[[0;32m  OK  [0m] Listening on udev Kernel Socket.
         Starting udev Coldplug all Devices...
[    5.034214] Loading iSCSI transport class v2.0-870.
[[0;32m  OK  [0m] Listening on Syslog Socket.
[[0;32m  OK  [0m] Listening on Journal Audit Socket.
[[0;32m  OK  [0m] Started Forward Password Requests to Wall Directory Watch.
[[0;32m  OK  [0m] Listening on Network Service Netlink Socket.
[[0;32m  OK  [0m] Listening on /dev/initctl Compatibility Named Pipe.
[    5.042260] iscsi: registered transport (tcp)
         Starting Journal Service...
[[0;32m  OK  [0m] Listening on Device-mapper event daemon FIFOs.
[[0;32m  OK  [0m] Listening on LVM2 metadata daemon socket.
[    5.056491] iscsi: registered transport (iser)
         Mounting POSIX Message Queue File System...
[[0;32m  OK  [0m] Reached target User and Group Name Lookups.
         Starting Set the console keyboard layout...
[    5.074934] EXT4-fs (sda1): re-mounted. Opts: (null)
         Starting Uncomplicated firewall...
         Starting Monitoring of LVM2 mirrors…ng dmeventd or progress polling...
[[0;32m  OK  [0m] Created slice system-serial\x2dgetty.slice.
         Mounting Kernel Debug File System...
[[0;32m  OK  [0m] Started Journal Service.
[[0;32m  OK  [0m] Started Remount Root and Kernel File Systems.
[[0;32m  OK  [0m] Started Load Kernel Modules.
[[0;32m  OK  [0m] Mounted Huge Pages File System.
[[0;32m  OK  [0m] Started Create list of required sta…vice nodes for the current kernel.
[[0;32m  OK  [0m] Mounted POSIX Message Queue File System.
[[0;32m  OK  [0m] Started Uncomplicated firewall.
[[0;32m  OK  [0m] Mounted Kernel Debug File System.
[[0;32m  OK  [0m] Started LVM2 metadata daemon.
         Starting Create Static Device Nodes in /dev...
         Mounting Kernel Configuration File System...
         Mounting FUSE Control File System...
         Starting Apply Kernel Variables...
         Starting Load/Save Random Seed...
         Starting Flush Journal to Persistent Storage...
[[0;32m  OK  [0m] Started Set the console keyboard layout.
[[0;32m  OK  [0m] Started Monitoring of LVM2 mirrors,…sing dmeventd or progress polling.
[[0;32m  OK  [0m] Started udev Coldplug all Devices.
[[0;32m  OK  [0m] Started Create Static Device Nodes in /dev.
[[0;32m  OK  [0m] Mounted Kernel Configuration File System.
[[0;32m  OK  [0m] Mounted FUSE Control File System.
[[0;32m  OK  [0m] Started Apply Kernel Variables.
[[0;32m  OK  [0m] Started Load/Save Random Seed.
         Starting udev Kernel Device Manager...
[[0;32m  OK  [0m] Reached target Local File Systems (Pre).
[[0;32m  OK  [0m] Reached target Local File Systems.
         Starting AppArmor initialization...
         Starting Tell Plymouth To Write Out Runtime Data...
         Starting ebtables ruleset management...
         Starting Commit a transient machine-id on disk...
         Starting Set console font and keymap...
[[0;32m  OK  [0m] Started udev Kernel Device Manager.
[[0;32m  OK  [0m] Started Tell Plymouth To Write Out Runtime Data.
[[0;32m  OK  [0m] Started Dispatch Password Requests to Console Directory Watch.
[[0;32m  OK  [0m] Reached target Local Encrypted Volumes.
[[0;32m  OK  [0m] Started Set console font and keymap.
[[0;32m  OK  [0m] Started Commit a transient machine-id on disk.
[[0;32m  OK  [0m] Started Flush Journal to Persistent Storage.
         Starting Create Volatile Files and Directories...
[[0;32m  OK  [0m] Started Create Volatile Files and Directories.
         Starting Update UTMP about System Boot/Shutdown...
[[0;32m  OK  [0m] Started ebtables ruleset management.
[[0;32m  OK  [0m] Started Update UTMP about System Boot/Shutdown.
[[0;32m  OK  [0m] Found device /dev/ttyS0.
[[0;32m  OK  [0m] Listening on Load/Save RF Kill Switch Status /dev/rfkill Watch.
[[0;32m  OK  [0m] Started AppArmor initialization.
         Starting Initial cloud-init job (pre-networking)...
[    6.928952] cloud-init[550]: Cloud-init v. 19.4-33-gbb4131a2-0ubuntu1~18.04.1 running 'init-local' at Sun, 14 Jun 2020 14:44:21 +0000. Up 6.63 seconds.
[[0;32m  OK  [0m] Started Initial cloud-init job (pre-networking).
[[0;32m  OK  [0m] Reached target Network (Pre).
         Starting Network Service...
[[0;32m  OK  [0m] Started Network Service.
         Starting Network Name Resolution...
         Starting Wait for Network to be Configured...
[[0;32m  OK  [0m] Started Network Name Resolution.
[[0;32m  OK  [0m] Reached target Network.
[[0;32m  OK  [0m] Reached target Host and Network Name Lookups.
[[0;32m  OK  [0m] Started Wait for Network to be Configured.
         Starting Initial cloud-init job (metadata service crawler)...
[    8.524614] cloud-init[653]: Cloud-init v. 19.4-33-gbb4131a2-0ubuntu1~18.04.1 running 'init' at Sun, 14 Jun 2020 14:44:23 +0000. Up 8.40 seconds.
[    8.526432] cloud-init[653]: ci-info: ++++++++++++++++++++++++++++++++++++++Net device info++++++++++++++++++++++++++++++++++++++
[    8.527436] cloud-init[653]: ci-info: +--------+-------+---------------------------+---------------+--------+-------------------+
[    8.528471] cloud-init[653]: ci-info: | Device |   Up  |          Address          |      Mask     | Scope  |     Hw-Address    |
[    8.529693] cloud-init[653]: ci-info: +--------+-------+---------------------------+---------------+--------+-------------------+
[    8.544936] cloud-init[653]: ci-info: | enp0s3 |  True |         10.0.2.15         | 255.255.255.0 | global | 02:08:97:ad:f6:aa |
[    8.556235] cloud-init[653]: ci-info: | enp0s3 |  True | fe80::8:97ff:fead:f6aa/64 |       .       |  link  | 02:08:97:ad:f6:aa |
[    8.557377] cloud-init[653]: ci-info: | enp0s8 | False |             .             |       .       |   .    | 08:00:27:37:79:87 |
[    8.568155] cloud-init[653]: ci-info: |   lo   |  True |         127.0.0.1         |   255.0.0.0   |  host  |         .         |
[    8.584468] cloud-init[653]: ci-info: |   lo   |  True |          ::1/128          |       .       |  host  |         .         |
[    8.586032] cloud-init[653]: ci-info: +--------+-------+---------------------------+---------------+--------+-------------------+
[    8.587733] cloud-init[653]: ci-info: ++++++++++++++++++++++++++++Route IPv4 info+++++++++++++++++++++++++++++
[    8.604294] cloud-init[653]: ci-info: +-------+-------------+----------+-----------------+-----------+-------+
[    8.605064] cloud-init[653]: ci-info: | Route | Destination | Gateway  |     Genmask     | Interface | Flags |
[    8.606129] cloud-init[653]: ci-info: +-------+-------------+----------+-----------------+-----------+-------+
[    8.627008] cloud-init[653]: ci-info: |   0   |   0.0.0.0   | 10.0.2.2 |     0.0.0.0     |   enp0s3  |   UG  |
[    8.628575] cloud-init[653]: ci-info: |   1   |   10.0.2.0  | 0.0.0.0  |  255.255.255.0  |   enp0s3  |   U   |
[    8.630239] cloud-init[653]: ci-info: |   2   |   10.0.2.2  | 0.0.0.0  | 255.255.255.255 |   enp0s3  |   UH  |
[    8.640405] cloud-init[653]: ci-info: +-------+-------------+----------+-----------------+-----------+-------+
[    8.643160] cloud-init[653]: ci-info: +++++++++++++++++++Route IPv6 info+++++++++++++++++++
[    8.649272] cloud-init[653]: ci-info: +-------+-------------+---------+-----------+-------+
[    8.650945] cloud-init[653]: ci-info: | Route | Destination | Gateway | Interface | Flags |
[    8.651955] cloud-init[653]: ci-info: +-------+-------------+---------+-----------+-------+
[    8.653272] cloud-init[653]: ci-info: |   1   |  fe80::/64  |    ::   |   enp0s3  |   U   |
[    8.654831] cloud-init[653]: ci-info: |   3   |    local    |    ::   |   enp0s3  |   U   |
[    8.656383] cloud-init[653]: ci-info: |   4   |   ff00::/8  |    ::   |   enp0s3  |   U   |
[    8.658031] cloud-init[653]: ci-info: +-------+-------------+---------+-----------+-------+
[    9.052637] cloud-init[653]: Generating public/private rsa key pair.
[    9.053599] cloud-init[653]: Your identification has been saved in /etc/ssh/ssh_host_rsa_key.
[    9.064437] cloud-init[653]: Your public key has been saved in /etc/ssh/ssh_host_rsa_key.pub.
[    9.076237] cloud-init[653]: The key fingerprint is:
[    9.076856] cloud-init[653]: SHA256:d2EgKzNIaXv/dmlxQEK+8tmvm08BMfl8/hPtQn7ZY8w root@ubuntu-bionic
[    9.088504] cloud-init[653]: The key's randomart image is:
[[0;32m  OK  [0m] Started Initial cloud-init job (metadata service crawler).
[    9.101607] cloud-init[653]: +---[RSA 2048]----+
[[0;32m  OK  [0m] Reached target System Initialization.
[    9.113346] [[0;32m  OK  [0m] Listening on UUID daemon activation socket.
[[0;32m  OK  [0m] Listening on ACPID Listen Socket.
[[0;32m  OK  [0m] Listening on Open-iSCSI iscsid Socket.
[[0;32m  OK  [0m] Started Message of the Day.
[[0;32m  OK  [0m] Listening on D-Bus System Message Bus Socket.
cloud-init[653]: |    ..  ..o o.   |[[0;32m  OK  [0m] Started ACPI Events Check.
[[0;32m  OK  [0m] Reached target Paths.
[[0;32m  OK  [0m] Started Daily Cleanup of Temporary Directories.
         Starting Socket activation for snappy daemon.
[[0;32m  OK  [0m] Started Daily apt download activities.
[[0;32m  OK  [0m] Started Daily apt upgrade and clean activities.
[[0;32m  OK  [0m] Started Discard unused blocks once a week.
[[0;32m  OK  [0m
[    9.132502] cloud-init[653]: |   .o.   +..oo   |
[    9.132567] cloud-init[653]: |   ...+ . .o+o   |
[    9.132641] cloud-init[653]: |    . .+   o.oo .|
[    9.132720] cloud-init[653]: |     . .S o ...o.|
[    9.132830] cloud-init[653]: |        .+ +. ooo|
[    9.133050] cloud-init[653]: |         .o .*+.=|
[    9.133146] cloud-init[653]: |          o ++oE=|
[    9.133205] cloud-init[653]: |         . o+++oo|
[    9.133736] cloud-init[653]: +----[SHA256]-----+
[    9.133800] cloud-init[653]: Generating public/private dsa key pair.
[    9.133847] cloud-init[653]: Your identification has been saved in /etc/ssh/ssh_host_dsa_key.
[    9.134771] cloud-init[653]: Your public key has been saved in /etc/ssh/ssh_host_dsa_key.pub.
[    9.135433] cloud-init[653]: The key fingerprint is:
[    9.136363] cloud-init[653]: SHA256:aufMS7dUVKRzyuusmwoo0uqWFje3e6omtVfevvshaUE root@ubuntu-bionic
[    9.137119] cloud-init[653]: The key's randomart image is:
[    9.137292] cloud-init[653]: +---[DSA 1024]----+
[    9.137335] cloud-init[653]: |             .o  |
[    9.137389] cloud-init[653]: |             o   |
[    9.137429] cloud-init[653]: |         E  + .  |
[    9.137474] cloud-init[653]: |        .  o +   |
[    9.137510] cloud-init[653]: |        S.  +    |
[    9.137683] cloud-init[653]: | o + o o  o. .   |
[    9.137837] cloud-init[653]: |. B = B ++o..    |
[    9.137884] cloud-init[653]: | B + + X.+.=.    |
[    9.138114] cloud-init[653]: |=.o.oo+ B*O+o    |
[    9.138824] cloud-init[653]: +----[SHA256]-----+
[    9.138867] cloud-init[653]: Generating public/private ecdsa key pair.
[    9.138943] cloud-init[653]: Your identification has been saved in /etc/ssh/ssh_host_ecdsa_key.
[    9.139019] cloud-init[653]: Your public key has been saved in /etc/ssh/ssh_host_ecdsa_key.pub.
[    9.139054] cloud-init[653]: The key fingerprint is:
[    9.139103] cloud-init[653]: SHA256:C6p0InLiK70btMaf6mB+4/Xeo56NSBdbWRuQR+9Fnq0 root@ubuntu-bionic
[    9.139136] cloud-init[653]: The key's randomart image is:
[    9.139206] cloud-init[653]: +---[ECDSA 256]---+
[    9.139241] cloud-init[653]: |         .o.   . |
[    9.139287] cloud-init[653]: |         .... o o|
[    9.139323] cloud-init[653]: |          .o . +.|
[    9.139370] cloud-init[653]: |          o + .. |
[    9.139402] cloud-init[653]: |  .   ..So . .E  |
] Reached target Timers.
[    9.142349] cloud-init[653]: | o . . .+.       |
         Starting LXD - unix socket.
[    9.164511] [cloud-init[0;32m  OK  [0m[653]: ] |=oO oo o.        |Reached target Cloud-config availability.

[    9.165675] [[0;32m  OK  [0m] Reached target Network is Online.
[[0;32m  OK  [0m] Reached target Remote File Systems (Pre).
[[0;32m  OK  [0m] Reached target Remote File Systems.
cloud-init[653]: |*B.Oo.+ =.       |
         Starting Availability of block devices...
[[0;32m  OK  [0m] Listening on Socket activation for snappy daemon.
[    9.172555] cloud-init[653]: |.=X=+.oB.o.      |[[0;32m  OK  [0m] Listening on LXD - unix socket.
[[0;32m  OK  [0m] Reached target Sockets.
[[0;32m  OK  [0m] Reached target Basic System.

         Starting Pollinate to seed the pseudo random number generator...
[    9.190338] cloud-init[653]: +----[SHA256]-----+
         Starting Virtualbox guest utils...
[    9.192981] cloud-init[653]: Generating public/private ed25519 key pair.
[    9.194813]          Starting Login Service...
[[0;32m  OK  [0m] Started Regular background program processing daemon.
[[0;32m  OK  [0m] Started FUSE filesystem for LXC.
[[0;32m  OK  [0m] Started Deferred execution scheduler.
         Starting System Logging Service...
         Starting LSB: Record successful boot for GRUB...
         Starting Accounts Service...
cloud-init[653]: Your identification has been saved in /etc/ssh/ssh_host_ed25519_key.
[    9.218640] cloud-init[653]: Your public key has been saved in /etc/ssh/ssh_host_ed25519_key.pub.
[    9.227838] cloud-init[653]: The key fingerprint is:
[    9.229308] cloud-init[653]: SHA256:yhL1SiArmp6XldyGjlEaxKWjouWydZ6oPqbMDMJ45mk root@ubuntu-bionic
[    9.234031] cloud-init[653]: The key's randomart image is:
[    9.244317] cloud-init[653]: +--[ED25519 256]--+
[    9.256244] cloud-init[653]: |  . ..           |
[    9.257349] cloud-init[653]: |   o.            |
[    9.258519] cloud-init[653]: |  oo. .          |
         Starting Snappy daemon...
[    9.260124] cloud-init[653]: |  .+.+ .         |         Starting LSB: automatic crash report generation...

[[0;32m  OK  [0m] Started D-Bus System Message Bus.
[    9.263190] cloud-init[653]: |o.o * = S        |
[    9.265888] cloud-init[653]: |*= o O =         |
[    9.266790] cloud-init[653]: |O.= O =          |
[    9.276342] cloud-init[653]: |BXEO +           |
[    9.277738] cloud-init[653]: |BX* o            |
[    9.281131] cloud-init[653]: +----[SHA256]-----+
         Starting LXD - container startup/shutdown...
         Starting Permit User Sessions...
         Starting Dispatcher daemon for systemd-networkd...
[[0;32m  OK  [0m] Started irqbalance daemon.
[[0;32m  OK  [0m] Started System Logging Service.
[[0;32m  OK  [0m] Started Availability of block devices.
[[0;32m  OK  [0m] Started Permit User Sessions.
[[0;32m  OK  [0m] Started Login Service.
         Starting Authorization Manager...
[[0;32m  OK  [0m] Started Unattended Upgrades Shutdown.
         Starting Terminate Plymouth Boot Screen...
         Starting Hold until boot process finishes up...
[[0;32m  OK  [0m] Started Hold until boot process finishes up.
[[0;32m  OK  [0m] Started Terminate Plymouth Boot Screen.
         Starting Set console scheme...
[[0;32m  OK  [0m] Started Serial Getty on ttyS0.
[[0;32m  OK  [0m] Started LSB: Record successful boot for GRUB.
[[0;32m  OK  [0m] Started Authorization Manager.
[[0;32m  OK  [0m] Started Accounts Service.
[[0;32m  OK  [0m] Started Set console scheme.
[[0;32m  OK  [0m] Created slice system-getty.slice.
[[0;32m  OK  [0m] Started Getty on tty1.
[[0;32m  OK  [0m] Reached target Login Prompts.
[[0;32m  OK  [0m] Started LSB: automatic crash report generation.
[[0;32m  OK  [0m] Started LXD - container startup/shutdown.
[[0;32m  OK  [0m] Started Virtualbox guest utils.
[[0;32m  OK  [0m] Started Dispatcher daemon for systemd-networkd.
[[0;32m  OK  [0m] Started Snappy daemon.
         Starting Wait until snapd is fully seeded...
[[0;32m  OK  [0m] Started Pollinate to seed the pseudo random number generator.
         Starting OpenBSD Secure Shell server...
[[0;32m  OK  [0m] Started OpenBSD Secure Shell server.
[[0;32m  OK  [0m] Created slice User Slice of vagrant.
         Starting User Manager for UID 1000...
[[0;32m  OK  [0m] Started Session 1 of user vagrant.
[[0;32m  OK  [0m] Started User Manager for UID 1000.
[[0;32m  OK  [0m] Started Wait until snapd is fully seeded.
[[0;32m  OK  [0m] Reached target Multi-User System.
[[0;32m  OK  [0m] Reached target Graphical Interface.
         Starting Update UTMP about System Runlevel Changes...
         Starting Apply the settings specified in cloud-config...
[[0;32m  OK  [0m] Started Update UTMP about System Runlevel Changes.
[   13.515566] cloud-init[1209]: Cloud-init v. 19.4-33-gbb4131a2-0ubuntu1~18.04.1 running 'modules:config' at Sun, 14 Jun 2020 14:44:27 +0000. Up 13.11 seconds.
[[0;32m  OK  [0m] Started Apply the settings specified in cloud-config.
         Starting Execute cloud user/final scripts...
ci-info: no authorized SSH keys fingerprints found for user ubuntu.
<14>Jun 14 14:44:28 ec2: 
<14>Jun 14 14:44:28 ec2: #############################################################
<14>Jun 14 14:44:28 ec2: -----BEGIN SSH HOST KEY FINGERPRINTS-----
<14>Jun 14 14:44:28 ec2: 1024 SHA256:aufMS7dUVKRzyuusmwoo0uqWFje3e6omtVfevvshaUE root@ubuntu-bionic (DSA)
<14>Jun 14 14:44:28 ec2: 256 SHA256:C6p0InLiK70btMaf6mB+4/Xeo56NSBdbWRuQR+9Fnq0 root@ubuntu-bionic (ECDSA)
<14>Jun 14 14:44:28 ec2: 256 SHA256:yhL1SiArmp6XldyGjlEaxKWjouWydZ6oPqbMDMJ45mk root@ubuntu-bionic (ED25519)
<14>Jun 14 14:44:28 ec2: 2048 SHA256:d2EgKzNIaXv/dmlxQEK+8tmvm08BMfl8/hPtQn7ZY8w root@ubuntu-bionic (RSA)
<14>Jun 14 14:44:28 ec2: -----END SSH HOST KEY FINGERPRINTS-----
<14>Jun 14 14:44:28 ec2: #############################################################
-----BEGIN SSH HOST KEY KEYS-----
ecdsa-sha2-nistp256 AAAAE2VjZHNhLXNoYTItbmlzdHAyNTYAAAAIbmlzdHAyNTYAAABBBNbTdvbLNLMObSm0VTlD5FM4zLZCdXx2pQpxEuE6o3NUapWmwVcWaVLsEYM800pr8TwkRh/XAECZ0m9pLjY89Ng= root@ubuntu-bionic
ssh-ed25519 AAAAC3NzaC1lZDI1NTE5AAAAIN4iYeQw0G/njf7vGzXR3gCURQFjxWC9xRozOqBcrAOO root@ubuntu-bionic
ssh-rsa AAAAB3NzaC1yc2EAAAADAQABAAABAQC+y/KQb7CZVUkI1Wn84rLzZ/KCnBpOblJAwqoIQYcO2UiJLCdpLxrP1xToyklfovf3hra+fyCcU8Q/0mYKX0jYWc3+nuyyAgPlVxb3KAn/PB0Cz/BWgbNT0bF9P2/NexkpLozVMJ1TDroOEo9Z6q1qMCS/swnPrCnzMXBuNj4CTkwCrLihEf0bI87TjJIH8TOTLT4unLX+BRThS6wns9SI+irokeiGsNtZPSEa01F5pLXab31K7d9LDtjouFLijXHgLqqcjbzBjXvwZSRZLXr2F377rSXs3Hij53iv+jhtX/ZCrtKv1LauxqzGERMsbAoSjItPIkCrFL7LQYhqnVFr root@ubuntu-bionic
-----END SSH HOST KEY KEYS-----
[   14.125990] cloud-init[1309]: Cloud-init v. 19.4-33-gbb4131a2-0ubuntu1~18.04.1 running 'modules:final' at Sun, 14 Jun 2020 14:44:28 +0000. Up 13.96 seconds.
[   14.127433] cloud-init[1309]: ci-info: no authorized SSH keys fingerprints found for user ubuntu.
[   14.128763] cloud-init[1309]: Cloud-init v. 19.4-33-gbb4131a2-0ubuntu1~18.04.1 finished at Sun, 14 Jun 2020 14:44:28 +0000. Datasource DataSourceNoCloud [seed=/dev/sdb][dsmode=net].  Up 14.11 seconds
[[0;32m  OK  [0m] Started Execute cloud user/final scripts.
[[0;32m  OK  [0m] Reached target Cloud-init target.

Ubuntu 18.04.4 LTS ubuntu-bionic ttyS0

ubuntu-bionic login: 